<?xml version="1.0" encoding="UTF-8"?>
<testsuite xmlns:xsi="http://www.w3.org/2001/XMLSchema-instance" xsi:noNamespaceSchemaLocation="https://maven.apache.org/surefire/maven-surefire-plugin/xsd/surefire-test-report.xsd" name="sets.SetOfNaturalsTest" time="0.05" tests="7" errors="0" skipped="0" failures="0">
  <properties>
[...]
</properties>
  <testcase name="testArrayOfDuplicates" classname="sets.SetOfNaturalsTest" time="0.006"/>
  <testcase name="testAddBadElement" classname="sets.SetOfNaturalsTest" time="0.003"/>
  <testcase name="testSize" classname="sets.SetOfNaturalsTest" time="0.002"/>
  <testcase name="testAddElement" classname="sets.SetOfNaturalsTest" time="0.017"/>
  <testcase name="testContains" classname="sets.SetOfNaturalsTest" time="0.003"/>
  <testcase name="testAddBadArray" classname="sets.SetOfNaturalsTest" time="0.004"/>
  <testcase name="testIntersectForNoIntersection" classname="sets.SetOfNaturalsTest" time="0.004"/>
</testsuite>